# JRE version: OpenJDK Runtime Environment Temurin-11.0.14.1+1 (11.0.14.1+1) (build 11.0.14.1+1)
# Java VM: OpenJDK 64-Bit Server VM Temurin-11.0.14.1+1 (11.0.14.1+1, mixed mode, tiered, compressed oops, g1 gc, windows-amd64)
Heap:
 garbage-first heap   total 63488K, used 8304K [0x00000000c3000000, 0x0000000100000000)
  region size 1024K, 7 young (7168K), 2 survivors (2048K)
 Metaspace       used 16475K, capacity 16800K, committed 16896K, reserved 1064960K
  class space    used 1633K, capacity 1763K, committed 1792K, reserved 1048576K
GC Heap History (6 events):
Event: 5.329 GC heap before
{Heap before GC invocations=0 (full 0):
 garbage-first heap   total 63488K, used 7168K [0x00000000c3000000, 0x0000000100000000)
  region size 1024K, 7 young (7168K), 0 survivors (0K)
 Metaspace       used 7900K, capacity 8034K, committed 8192K, reserved 1056768K
  class space    used 693K, capacity 738K, committed 768K, reserved 1048576K
}
Event: 5.339 GC heap after
{Heap after GC invocations=1 (full 0):
 garbage-first heap   total 63488K, used 2108K [0x00000000c3000000, 0x0000000100000000)
  region size 1024K, 1 young (1024K), 1 survivors (1024K)
 Metaspace       used 7900K, capacity 8034K, committed 8192K, reserved 1056768K
  class space    used 693K, capacity 738K, committed 768K, reserved 1048576K
}
Event: 6.429 GC heap before
{Heap before GC invocations=1 (full 0):
 garbage-first heap   total 63488K, used 7228K [0x00000000c3000000, 0x0000000100000000)
  region size 1024K, 6 young (6144K), 1 survivors (1024K)
 Metaspace       used 11109K, capacity 11287K, committed 11392K, reserved 1058816K
  class space    used 1043K, capacity 1122K, committed 1152K, reserved 1048576K
}
Event: 6.434 GC heap after
{Heap after GC invocations=2 (full 0):
 garbage-first heap   total 63488K, used 2799K [0x00000000c3000000, 0x0000000100000000)
  region size 1024K, 1 young (1024K), 1 survivors (1024K)
 Metaspace       used 11109K, capacity 11287K, committed 11392K, reserved 1058816K
  class space    used 1043K, capacity 1122K, committed 1152K, reserved 1048576K
}
Event: 7.340 GC heap before
{Heap before GC invocations=2 (full 0):
 garbage-first heap   total 63488K, used 17135K [0x00000000c3000000, 0x0000000100000000)
  region size 1024K, 15 young (15360K), 1 survivors (1024K)
 Metaspace       used 15574K, capacity 15765K, committed 16000K, reserved 1062912K
  class space    used 1543K, capacity 1632K, committed 1664K, reserved 1048576K
}
Event: 7.347 GC heap after
{Heap after GC invocations=3 (full 0):
 garbage-first heap   total 63488K, used 4208K [0x00000000c3000000, 0x0000000100000000)
  region size 1024K, 2 young (2048K), 2 survivors (2048K)
 Metaspace       used 15574K, capacity 15765K, committed 16000K, reserved 1062912K
  class space    used 1543K, capacity 1632K, committed 1664K, reserved 1048576K
}

